The target system is: Generic -  - 
The host system is: Darwin - 17.5.0 - x86_64
Compiling the C compiler identification source file "CMakeCCompilerId.c" succeeded.
Compiler: /Applications/Arduino.app/Contents/Java/hardware/tools/avr/bin/avr-gcc 
Build flags: -Os;-Wall;-std=gnu11;-Wl,--gc-sections
Id flags:  

The output was:
0


Compilation of the C compiler identification source "CMakeCCompilerId.c" produced "a.out"

Compiling the C compiler identification source file "CMakeCCompilerId.c" succeeded.
Compiler: /Applications/Arduino.app/Contents/Java/hardware/tools/avr/bin/avr-gcc 
Build flags: -Os;-Wall;-std=gnu11;-Wl,--gc-sections
Id flags: -c 

The output was:
0


Compilation of the C compiler identification source "CMakeCCompilerId.c" produced "CMakeCCompilerId.o"

The C compiler identification is GNU, found in "/Users/melvinchelli/Documents/Sem2/EmSys/Assifnments/Clion_Environment/Project_Template/cmake-build-debug/CMakeFiles/3.10.3/CompilerIdC/CMakeCCompilerId.o"

Compiling the CXX compiler identification source file "CMakeCXXCompilerId.cpp" succeeded.
Compiler: /Applications/Arduino.app/Contents/Java/hardware/tools/avr/bin/avr-g++ 
Build flags: -Os;-Wall;-std=c++14;-Wl,--gc-sections;-fno-threadsafe-statics
Id flags:  

The output was:
0


Compilation of the CXX compiler identification source "CMakeCXXCompilerId.cpp" produced "a.out"

Compiling the CXX compiler identification source file "CMakeCXXCompilerId.cpp" succeeded.
Compiler: /Applications/Arduino.app/Contents/Java/hardware/tools/avr/bin/avr-g++ 
Build flags: -Os;-Wall;-std=c++14;-Wl,--gc-sections;-fno-threadsafe-statics
Id flags: -c 

The output was:
0


Compilation of the CXX compiler identification source "CMakeCXXCompilerId.cpp" produced "CMakeCXXCompilerId.o"

The CXX compiler identification is GNU, found in "/Users/melvinchelli/Documents/Sem2/EmSys/Assifnments/Clion_Environment/Project_Template/cmake-build-debug/CMakeFiles/3.10.3/CompilerIdCXX/CMakeCXXCompilerId.o"

Determining if the C compiler works passed with the following output:
Change Dir: /Users/melvinchelli/Documents/Sem2/EmSys/Assifnments/Clion_Environment/Project_Template/cmake-build-debug/CMakeFiles/CMakeTmp

Run Build Command:"/usr/bin/make" "cmTC_701b2/fast"
/Applications/Xcode.app/Contents/Developer/usr/bin/make -f CMakeFiles/cmTC_701b2.dir/build.make CMakeFiles/cmTC_701b2.dir/build
Building C object CMakeFiles/cmTC_701b2.dir/testCCompiler.c.obj
/Applications/Arduino.app/Contents/Java/hardware/tools/avr/bin/avr-gcc  -I/include   -o CMakeFiles/cmTC_701b2.dir/testCCompiler.c.obj   -c /Users/melvinchelli/Documents/Sem2/EmSys/Assifnments/Clion_Environment/Project_Template/cmake-build-debug/CMakeFiles/CMakeTmp/testCCompiler.c
Linking C executable cmTC_701b2
/Applications/CLion.app/Contents/bin/cmake/bin/cmake -E cmake_link_script CMakeFiles/cmTC_701b2.dir/link.txt --verbose=1
/Applications/Arduino.app/Contents/Java/hardware/tools/avr/bin/avr-gcc      CMakeFiles/cmTC_701b2.dir/testCCompiler.c.obj  -o cmTC_701b2  -L/lib 


Detecting C compiler ABI info compiled with the following output:
Change Dir: /Users/melvinchelli/Documents/Sem2/EmSys/Assifnments/Clion_Environment/Project_Template/cmake-build-debug/CMakeFiles/CMakeTmp

Run Build Command:"/usr/bin/make" "cmTC_17363/fast"
/Applications/Xcode.app/Contents/Developer/usr/bin/make -f CMakeFiles/cmTC_17363.dir/build.make CMakeFiles/cmTC_17363.dir/build
Building C object CMakeFiles/cmTC_17363.dir/CMakeCCompilerABI.c.obj
/Applications/Arduino.app/Contents/Java/hardware/tools/avr/bin/avr-gcc  -I/include   -o CMakeFiles/cmTC_17363.dir/CMakeCCompilerABI.c.obj   -c /Applications/CLion.app/Contents/bin/cmake/share/cmake-3.10/Modules/CMakeCCompilerABI.c
Linking C executable cmTC_17363
/Applications/CLion.app/Contents/bin/cmake/bin/cmake -E cmake_link_script CMakeFiles/cmTC_17363.dir/link.txt --verbose=1
/Applications/Arduino.app/Contents/Java/hardware/tools/avr/bin/avr-gcc     -v CMakeFiles/cmTC_17363.dir/CMakeCCompilerABI.c.obj  -o cmTC_17363  -L/lib 
Using built-in specs.
Reading specs from /Applications/Arduino.app/Contents/Java/hardware/tools/avr/bin/../lib/gcc/avr/4.9.2/device-specs/specs-avr2
COLLECT_GCC=/Applications/Arduino.app/Contents/Java/hardware/tools/avr/bin/avr-gcc
COLLECT_LTO_WRAPPER=/Applications/Arduino.app/Contents/Java/hardware/tools/avr/bin/../libexec/gcc/avr/4.9.2/lto-wrapper
Target: avr
Configured with: ../gcc/configure --enable-fixed-point --enable-languages=c,c++ --prefix=/Users/jenkins/jenkins/workspace/avr-gcc/label/mac-mini/objdir --enable-long-long --disable-nls --disable-checking --disable-libssp --disable-libada --disable-shared --enable-lto --with-avrlibc=yes --with-dwarf2 --disable-doc --target=avr
Thread model: single
gcc version 4.9.2 (GCC) 
COMPILER_PATH=/Applications/Arduino.app/Contents/Java/hardware/tools/avr/bin/../libexec/gcc/avr/4.9.2/:/Applications/Arduino.app/Contents/Java/hardware/tools/avr/bin/../libexec/gcc/:/Applications/Arduino.app/Contents/Java/hardware/tools/avr/bin/../lib/gcc/avr/4.9.2/../../../../avr/bin/
LIBRARY_PATH=/Applications/Arduino.app/Contents/Java/hardware/tools/avr/bin/../lib/gcc/avr/4.9.2/:/Applications/Arduino.app/Contents/Java/hardware/tools/avr/bin/../lib/gcc/:/Applications/Arduino.app/Contents/Java/hardware/tools/avr/bin/../lib/gcc/avr/4.9.2/../../../../avr/lib/
COLLECT_GCC_OPTIONS='-v' '-o' 'cmTC_17363' '-L/lib' '-specs=device-specs/specs-avr2'
 /Applications/Arduino.app/Contents/Java/hardware/tools/avr/bin/../libexec/gcc/avr/4.9.2/collect2 -plugin /Applications/Arduino.app/Contents/Java/hardware/tools/avr/bin/../libexec/gcc/avr/4.9.2/liblto_plugin.so -plugin-opt=/Applications/Arduino.app/Contents/Java/hardware/tools/avr/bin/../libexec/gcc/avr/4.9.2/lto-wrapper -plugin-opt=-fresolution=/var/folders/qn/m2x_0wgd0lg478xs03d03chh0000gn/T//ccPFEkmp.res -plugin-opt=-pass-through=-lgcc -plugin-opt=-pass-through=-lm -plugin-opt=-pass-through=-lc -o cmTC_17363 -L/lib -L/Applications/Arduino.app/Contents/Java/hardware/tools/avr/bin/../lib/gcc/avr/4.9.2 -L/Applications/Arduino.app/Contents/Java/hardware/tools/avr/bin/../lib/gcc -L/Applications/Arduino.app/Contents/Java/hardware/tools/avr/bin/../lib/gcc/avr/4.9.2/../../../../avr/lib CMakeFiles/cmTC_17363.dir/CMakeCCompilerABI.c.obj --start-group -lgcc -lm -lc --end-group


Parsed C implicit link information from above output:
  link line regex: [^( *|.*[/\])(avr-ld|CMAKE_LINK_STARTFILE-NOTFOUND|([^/\]+-)?ld|collect2)[^/\]*( |$)]
  ignore line: [Change Dir: /Users/melvinchelli/Documents/Sem2/EmSys/Assifnments/Clion_Environment/Project_Template/cmake-build-debug/CMakeFiles/CMakeTmp]
  ignore line: []
  ignore line: [Run Build Command:"/usr/bin/make" "cmTC_17363/fast"]
  ignore line: [/Applications/Xcode.app/Contents/Developer/usr/bin/make -f CMakeFiles/cmTC_17363.dir/build.make CMakeFiles/cmTC_17363.dir/build]
  ignore line: [Building C object CMakeFiles/cmTC_17363.dir/CMakeCCompilerABI.c.obj]
  ignore line: [/Applications/Arduino.app/Contents/Java/hardware/tools/avr/bin/avr-gcc  -I/include   -o CMakeFiles/cmTC_17363.dir/CMakeCCompilerABI.c.obj   -c /Applications/CLion.app/Contents/bin/cmake/share/cmake-3.10/Modules/CMakeCCompilerABI.c]
  ignore line: [Linking C executable cmTC_17363]
  ignore line: [/Applications/CLion.app/Contents/bin/cmake/bin/cmake -E cmake_link_script CMakeFiles/cmTC_17363.dir/link.txt --verbose=1]
  ignore line: [/Applications/Arduino.app/Contents/Java/hardware/tools/avr/bin/avr-gcc     -v CMakeFiles/cmTC_17363.dir/CMakeCCompilerABI.c.obj  -o cmTC_17363  -L/lib ]
  ignore line: [Using built-in specs.]
  ignore line: [Reading specs from /Applications/Arduino.app/Contents/Java/hardware/tools/avr/bin/../lib/gcc/avr/4.9.2/device-specs/specs-avr2]
  ignore line: [COLLECT_GCC=/Applications/Arduino.app/Contents/Java/hardware/tools/avr/bin/avr-gcc]
  ignore line: [COLLECT_LTO_WRAPPER=/Applications/Arduino.app/Contents/Java/hardware/tools/avr/bin/../libexec/gcc/avr/4.9.2/lto-wrapper]
  ignore line: [Target: avr]
  ignore line: [Configured with: ../gcc/configure --enable-fixed-point --enable-languages=c,c++ --prefix=/Users/jenkins/jenkins/workspace/avr-gcc/label/mac-mini/objdir --enable-long-long --disable-nls --disable-checking --disable-libssp --disable-libada --disable-shared --enable-lto --with-avrlibc=yes --with-dwarf2 --disable-doc --target=avr]
  ignore line: [Thread model: single]
  ignore line: [gcc version 4.9.2 (GCC) ]
  ignore line: [COMPILER_PATH=/Applications/Arduino.app/Contents/Java/hardware/tools/avr/bin/../libexec/gcc/avr/4.9.2/:/Applications/Arduino.app/Contents/Java/hardware/tools/avr/bin/../libexec/gcc/:/Applications/Arduino.app/Contents/Java/hardware/tools/avr/bin/../lib/gcc/avr/4.9.2/../../../../avr/bin/]
  ignore line: [LIBRARY_PATH=/Applications/Arduino.app/Contents/Java/hardware/tools/avr/bin/../lib/gcc/avr/4.9.2/:/Applications/Arduino.app/Contents/Java/hardware/tools/avr/bin/../lib/gcc/:/Applications/Arduino.app/Contents/Java/hardware/tools/avr/bin/../lib/gcc/avr/4.9.2/../../../../avr/lib/]
  ignore line: [COLLECT_GCC_OPTIONS='-v' '-o' 'cmTC_17363' '-L/lib' '-specs=device-specs/specs-avr2']
  link line: [ /Applications/Arduino.app/Contents/Java/hardware/tools/avr/bin/../libexec/gcc/avr/4.9.2/collect2 -plugin /Applications/Arduino.app/Contents/Java/hardware/tools/avr/bin/../libexec/gcc/avr/4.9.2/liblto_plugin.so -plugin-opt=/Applications/Arduino.app/Contents/Java/hardware/tools/avr/bin/../libexec/gcc/avr/4.9.2/lto-wrapper -plugin-opt=-fresolution=/var/folders/qn/m2x_0wgd0lg478xs03d03chh0000gn/T//ccPFEkmp.res -plugin-opt=-pass-through=-lgcc -plugin-opt=-pass-through=-lm -plugin-opt=-pass-through=-lc -o cmTC_17363 -L/lib -L/Applications/Arduino.app/Contents/Java/hardware/tools/avr/bin/../lib/gcc/avr/4.9.2 -L/Applications/Arduino.app/Contents/Java/hardware/tools/avr/bin/../lib/gcc -L/Applications/Arduino.app/Contents/Java/hardware/tools/avr/bin/../lib/gcc/avr/4.9.2/../../../../avr/lib CMakeFiles/cmTC_17363.dir/CMakeCCompilerABI.c.obj --start-group -lgcc -lm -lc --end-group]
    arg [/Applications/Arduino.app/Contents/Java/hardware/tools/avr/bin/../libexec/gcc/avr/4.9.2/collect2] ==> ignore
    arg [-plugin] ==> ignore
    arg [/Applications/Arduino.app/Contents/Java/hardware/tools/avr/bin/../libexec/gcc/avr/4.9.2/liblto_plugin.so] ==> ignore
    arg [-plugin-opt=/Applications/Arduino.app/Contents/Java/hardware/tools/avr/bin/../libexec/gcc/avr/4.9.2/lto-wrapper] ==> ignore
    arg [-plugin-opt=-fresolution=/var/folders/qn/m2x_0wgd0lg478xs03d03chh0000gn/T//ccPFEkmp.res] ==> ignore
    arg [-plugin-opt=-pass-through=-lgcc] ==> ignore
    arg [-plugin-opt=-pass-through=-lm] ==> ignore
    arg [-plugin-opt=-pass-through=-lc] ==> ignore
    arg [-o] ==> ignore
    arg [cmTC_17363] ==> ignore
    arg [-L/lib] ==> dir [/lib]
    arg [-L/Applications/Arduino.app/Contents/Java/hardware/tools/avr/bin/../lib/gcc/avr/4.9.2] ==> dir [/Applications/Arduino.app/Contents/Java/hardware/tools/avr/bin/../lib/gcc/avr/4.9.2]
    arg [-L/Applications/Arduino.app/Contents/Java/hardware/tools/avr/bin/../lib/gcc] ==> dir [/Applications/Arduino.app/Contents/Java/hardware/tools/avr/bin/../lib/gcc]
    arg [-L/Applications/Arduino.app/Contents/Java/hardware/tools/avr/bin/../lib/gcc/avr/4.9.2/../../../../avr/lib] ==> dir [/Applications/Arduino.app/Contents/Java/hardware/tools/avr/bin/../lib/gcc/avr/4.9.2/../../../../avr/lib]
    arg [CMakeFiles/cmTC_17363.dir/CMakeCCompilerABI.c.obj] ==> ignore
    arg [--start-group] ==> ignore
    arg [-lgcc] ==> lib [gcc]
    arg [-lm] ==> lib [m]
    arg [-lc] ==> lib [c]
    arg [--end-group] ==> ignore
  collapse library dir [/lib] ==> [/lib]
  collapse library dir [/Applications/Arduino.app/Contents/Java/hardware/tools/avr/bin/../lib/gcc/avr/4.9.2] ==> [/Applications/Arduino.app/Contents/Java/hardware/tools/avr/lib/gcc/avr/4.9.2]
  collapse library dir [/Applications/Arduino.app/Contents/Java/hardware/tools/avr/bin/../lib/gcc] ==> [/Applications/Arduino.app/Contents/Java/hardware/tools/avr/lib/gcc]
  collapse library dir [/Applications/Arduino.app/Contents/Java/hardware/tools/avr/bin/../lib/gcc/avr/4.9.2/../../../../avr/lib] ==> [/Applications/Arduino.app/Contents/Java/hardware/tools/avr/avr/lib]
  implicit libs: [gcc;m;c]
  implicit dirs: [/lib;/Applications/Arduino.app/Contents/Java/hardware/tools/avr/lib/gcc/avr/4.9.2;/Applications/Arduino.app/Contents/Java/hardware/tools/avr/lib/gcc;/Applications/Arduino.app/Contents/Java/hardware/tools/avr/avr/lib]
  implicit fwks: []




Detecting C [-std=c11] compiler features compiled with the following output:
Change Dir: /Users/melvinchelli/Documents/Sem2/EmSys/Assifnments/Clion_Environment/Project_Template/cmake-build-debug/CMakeFiles/CMakeTmp

Run Build Command:"/usr/bin/make" "cmTC_814af/fast"
/Applications/Xcode.app/Contents/Developer/usr/bin/make -f CMakeFiles/cmTC_814af.dir/build.make CMakeFiles/cmTC_814af.dir/build
Building C object CMakeFiles/cmTC_814af.dir/feature_tests.c.obj
/Applications/Arduino.app/Contents/Java/hardware/tools/avr/bin/avr-gcc  -I/include  -std=c11 -o CMakeFiles/cmTC_814af.dir/feature_tests.c.obj   -c /Users/melvinchelli/Documents/Sem2/EmSys/Assifnments/Clion_Environment/Project_Template/cmake-build-debug/CMakeFiles/feature_tests.c
Linking C executable cmTC_814af
/Applications/CLion.app/Contents/bin/cmake/bin/cmake -E cmake_link_script CMakeFiles/cmTC_814af.dir/link.txt --verbose=1
/Applications/Arduino.app/Contents/Java/hardware/tools/avr/bin/avr-gcc      CMakeFiles/cmTC_814af.dir/feature_tests.c.obj  -o cmTC_814af  -L/lib 


    Feature record: C_FEATURE:1c_function_prototypes
    Feature record: C_FEATURE:1c_restrict
    Feature record: C_FEATURE:1c_static_assert
    Feature record: C_FEATURE:1c_variadic_macros


Detecting C [-std=c99] compiler features compiled with the following output:
Change Dir: /Users/melvinchelli/Documents/Sem2/EmSys/Assifnments/Clion_Environment/Project_Template/cmake-build-debug/CMakeFiles/CMakeTmp

Run Build Command:"/usr/bin/make" "cmTC_5af78/fast"
/Applications/Xcode.app/Contents/Developer/usr/bin/make -f CMakeFiles/cmTC_5af78.dir/build.make CMakeFiles/cmTC_5af78.dir/build
Building C object CMakeFiles/cmTC_5af78.dir/feature_tests.c.obj
/Applications/Arduino.app/Contents/Java/hardware/tools/avr/bin/avr-gcc  -I/include  -std=c99 -o CMakeFiles/cmTC_5af78.dir/feature_tests.c.obj   -c /Users/melvinchelli/Documents/Sem2/EmSys/Assifnments/Clion_Environment/Project_Template/cmake-build-debug/CMakeFiles/feature_tests.c
Linking C executable cmTC_5af78
/Applications/CLion.app/Contents/bin/cmake/bin/cmake -E cmake_link_script CMakeFiles/cmTC_5af78.dir/link.txt --verbose=1
/Applications/Arduino.app/Contents/Java/hardware/tools/avr/bin/avr-gcc      CMakeFiles/cmTC_5af78.dir/feature_tests.c.obj  -o cmTC_5af78  -L/lib 


    Feature record: C_FEATURE:1c_function_prototypes
    Feature record: C_FEATURE:1c_restrict
    Feature record: C_FEATURE:0c_static_assert
    Feature record: C_FEATURE:1c_variadic_macros


Detecting C [-std=c90] compiler features compiled with the following output:
Change Dir: /Users/melvinchelli/Documents/Sem2/EmSys/Assifnments/Clion_Environment/Project_Template/cmake-build-debug/CMakeFiles/CMakeTmp

Run Build Command:"/usr/bin/make" "cmTC_f06bd/fast"
/Applications/Xcode.app/Contents/Developer/usr/bin/make -f CMakeFiles/cmTC_f06bd.dir/build.make CMakeFiles/cmTC_f06bd.dir/build
Building C object CMakeFiles/cmTC_f06bd.dir/feature_tests.c.obj
/Applications/Arduino.app/Contents/Java/hardware/tools/avr/bin/avr-gcc  -I/include  -std=c90 -o CMakeFiles/cmTC_f06bd.dir/feature_tests.c.obj   -c /Users/melvinchelli/Documents/Sem2/EmSys/Assifnments/Clion_Environment/Project_Template/cmake-build-debug/CMakeFiles/feature_tests.c
Linking C executable cmTC_f06bd
/Applications/CLion.app/Contents/bin/cmake/bin/cmake -E cmake_link_script CMakeFiles/cmTC_f06bd.dir/link.txt --verbose=1
/Applications/Arduino.app/Contents/Java/hardware/tools/avr/bin/avr-gcc      CMakeFiles/cmTC_f06bd.dir/feature_tests.c.obj  -o cmTC_f06bd  -L/lib 


    Feature record: C_FEATURE:1c_function_prototypes
    Feature record: C_FEATURE:0c_restrict
    Feature record: C_FEATURE:0c_static_assert
    Feature record: C_FEATURE:0c_variadic_macros
Determining if the CXX compiler works passed with the following output:
Change Dir: /Users/melvinchelli/Documents/Sem2/EmSys/Assifnments/Clion_Environment/Project_Template/cmake-build-debug/CMakeFiles/CMakeTmp

Run Build Command:"/usr/bin/make" "cmTC_aa67d/fast"
/Applications/Xcode.app/Contents/Developer/usr/bin/make -f CMakeFiles/cmTC_aa67d.dir/build.make CMakeFiles/cmTC_aa67d.dir/build
Building CXX object CMakeFiles/cmTC_aa67d.dir/testCXXCompiler.cxx.obj
/Applications/Arduino.app/Contents/Java/hardware/tools/avr/bin/avr-g++   -I/include  -std=gnu++14 -o CMakeFiles/cmTC_aa67d.dir/testCXXCompiler.cxx.obj -c /Users/melvinchelli/Documents/Sem2/EmSys/Assifnments/Clion_Environment/Project_Template/cmake-build-debug/CMakeFiles/CMakeTmp/testCXXCompiler.cxx
Linking CXX executable cmTC_aa67d
/Applications/CLion.app/Contents/bin/cmake/bin/cmake -E cmake_link_script CMakeFiles/cmTC_aa67d.dir/link.txt --verbose=1
/Applications/Arduino.app/Contents/Java/hardware/tools/avr/bin/avr-g++       CMakeFiles/cmTC_aa67d.dir/testCXXCompiler.cxx.obj  -o cmTC_aa67d  -L/lib 


Detecting CXX compiler ABI info compiled with the following output:
Change Dir: /Users/melvinchelli/Documents/Sem2/EmSys/Assifnments/Clion_Environment/Project_Template/cmake-build-debug/CMakeFiles/CMakeTmp

Run Build Command:"/usr/bin/make" "cmTC_0d781/fast"
/Applications/Xcode.app/Contents/Developer/usr/bin/make -f CMakeFiles/cmTC_0d781.dir/build.make CMakeFiles/cmTC_0d781.dir/build
Building CXX object CMakeFiles/cmTC_0d781.dir/CMakeCXXCompilerABI.cpp.obj
/Applications/Arduino.app/Contents/Java/hardware/tools/avr/bin/avr-g++   -I/include  -std=gnu++14 -o CMakeFiles/cmTC_0d781.dir/CMakeCXXCompilerABI.cpp.obj -c /Applications/CLion.app/Contents/bin/cmake/share/cmake-3.10/Modules/CMakeCXXCompilerABI.cpp
Linking CXX executable cmTC_0d781
/Applications/CLion.app/Contents/bin/cmake/bin/cmake -E cmake_link_script CMakeFiles/cmTC_0d781.dir/link.txt --verbose=1
/Applications/Arduino.app/Contents/Java/hardware/tools/avr/bin/avr-g++      -v CMakeFiles/cmTC_0d781.dir/CMakeCXXCompilerABI.cpp.obj  -o cmTC_0d781  -L/lib 
Using built-in specs.
Reading specs from /Applications/Arduino.app/Contents/Java/hardware/tools/avr/bin/../lib/gcc/avr/4.9.2/device-specs/specs-avr2
COLLECT_GCC=/Applications/Arduino.app/Contents/Java/hardware/tools/avr/bin/avr-g++
COLLECT_LTO_WRAPPER=/Applications/Arduino.app/Contents/Java/hardware/tools/avr/bin/../libexec/gcc/avr/4.9.2/lto-wrapper
Target: avr
Configured with: ../gcc/configure --enable-fixed-point --enable-languages=c,c++ --prefix=/Users/jenkins/jenkins/workspace/avr-gcc/label/mac-mini/objdir --enable-long-long --disable-nls --disable-checking --disable-libssp --disable-libada --disable-shared --enable-lto --with-avrlibc=yes --with-dwarf2 --disable-doc --target=avr
Thread model: single
gcc version 4.9.2 (GCC) 
COMPILER_PATH=/Applications/Arduino.app/Contents/Java/hardware/tools/avr/bin/../libexec/gcc/avr/4.9.2/:/Applications/Arduino.app/Contents/Java/hardware/tools/avr/bin/../libexec/gcc/:/Applications/Arduino.app/Contents/Java/hardware/tools/avr/bin/../lib/gcc/avr/4.9.2/../../../../avr/bin/
LIBRARY_PATH=/Applications/Arduino.app/Contents/Java/hardware/tools/avr/bin/../lib/gcc/avr/4.9.2/:/Applications/Arduino.app/Contents/Java/hardware/tools/avr/bin/../lib/gcc/:/Applications/Arduino.app/Contents/Java/hardware/tools/avr/bin/../lib/gcc/avr/4.9.2/../../../../avr/lib/
COLLECT_GCC_OPTIONS='-v' '-o' 'cmTC_0d781' '-L/lib' '-specs=device-specs/specs-avr2'
 /Applications/Arduino.app/Contents/Java/hardware/tools/avr/bin/../libexec/gcc/avr/4.9.2/collect2 -plugin /Applications/Arduino.app/Contents/Java/hardware/tools/avr/bin/../libexec/gcc/avr/4.9.2/liblto_plugin.so -plugin-opt=/Applications/Arduino.app/Contents/Java/hardware/tools/avr/bin/../libexec/gcc/avr/4.9.2/lto-wrapper -plugin-opt=-fresolution=/var/folders/qn/m2x_0wgd0lg478xs03d03chh0000gn/T//ccJ5Lsft.res -plugin-opt=-pass-through=-lgcc -plugin-opt=-pass-through=-lm -plugin-opt=-pass-through=-lc -o cmTC_0d781 -L/lib -L/Applications/Arduino.app/Contents/Java/hardware/tools/avr/bin/../lib/gcc/avr/4.9.2 -L/Applications/Arduino.app/Contents/Java/hardware/tools/avr/bin/../lib/gcc -L/Applications/Arduino.app/Contents/Java/hardware/tools/avr/bin/../lib/gcc/avr/4.9.2/../../../../avr/lib CMakeFiles/cmTC_0d781.dir/CMakeCXXCompilerABI.cpp.obj -lgcc -lm --start-group -lgcc -lm -lc --end-group


Parsed CXX implicit link information from above output:
  link line regex: [^( *|.*[/\])(avr-ld|CMAKE_LINK_STARTFILE-NOTFOUND|([^/\]+-)?ld|collect2)[^/\]*( |$)]
  ignore line: [Change Dir: /Users/melvinchelli/Documents/Sem2/EmSys/Assifnments/Clion_Environment/Project_Template/cmake-build-debug/CMakeFiles/CMakeTmp]
  ignore line: []
  ignore line: [Run Build Command:"/usr/bin/make" "cmTC_0d781/fast"]
  ignore line: [/Applications/Xcode.app/Contents/Developer/usr/bin/make -f CMakeFiles/cmTC_0d781.dir/build.make CMakeFiles/cmTC_0d781.dir/build]
  ignore line: [Building CXX object CMakeFiles/cmTC_0d781.dir/CMakeCXXCompilerABI.cpp.obj]
  ignore line: [/Applications/Arduino.app/Contents/Java/hardware/tools/avr/bin/avr-g++   -I/include  -std=gnu++14 -o CMakeFiles/cmTC_0d781.dir/CMakeCXXCompilerABI.cpp.obj -c /Applications/CLion.app/Contents/bin/cmake/share/cmake-3.10/Modules/CMakeCXXCompilerABI.cpp]
  ignore line: [Linking CXX executable cmTC_0d781]
  ignore line: [/Applications/CLion.app/Contents/bin/cmake/bin/cmake -E cmake_link_script CMakeFiles/cmTC_0d781.dir/link.txt --verbose=1]
  ignore line: [/Applications/Arduino.app/Contents/Java/hardware/tools/avr/bin/avr-g++      -v CMakeFiles/cmTC_0d781.dir/CMakeCXXCompilerABI.cpp.obj  -o cmTC_0d781  -L/lib ]
  ignore line: [Using built-in specs.]
  ignore line: [Reading specs from /Applications/Arduino.app/Contents/Java/hardware/tools/avr/bin/../lib/gcc/avr/4.9.2/device-specs/specs-avr2]
  ignore line: [COLLECT_GCC=/Applications/Arduino.app/Contents/Java/hardware/tools/avr/bin/avr-g++]
  ignore line: [COLLECT_LTO_WRAPPER=/Applications/Arduino.app/Contents/Java/hardware/tools/avr/bin/../libexec/gcc/avr/4.9.2/lto-wrapper]
  ignore line: [Target: avr]
  ignore line: [Configured with: ../gcc/configure --enable-fixed-point --enable-languages=c,c++ --prefix=/Users/jenkins/jenkins/workspace/avr-gcc/label/mac-mini/objdir --enable-long-long --disable-nls --disable-checking --disable-libssp --disable-libada --disable-shared --enable-lto --with-avrlibc=yes --with-dwarf2 --disable-doc --target=avr]
  ignore line: [Thread model: single]
  ignore line: [gcc version 4.9.2 (GCC) ]
  ignore line: [COMPILER_PATH=/Applications/Arduino.app/Contents/Java/hardware/tools/avr/bin/../libexec/gcc/avr/4.9.2/:/Applications/Arduino.app/Contents/Java/hardware/tools/avr/bin/../libexec/gcc/:/Applications/Arduino.app/Contents/Java/hardware/tools/avr/bin/../lib/gcc/avr/4.9.2/../../../../avr/bin/]
  ignore line: [LIBRARY_PATH=/Applications/Arduino.app/Contents/Java/hardware/tools/avr/bin/../lib/gcc/avr/4.9.2/:/Applications/Arduino.app/Contents/Java/hardware/tools/avr/bin/../lib/gcc/:/Applications/Arduino.app/Contents/Java/hardware/tools/avr/bin/../lib/gcc/avr/4.9.2/../../../../avr/lib/]
  ignore line: [COLLECT_GCC_OPTIONS='-v' '-o' 'cmTC_0d781' '-L/lib' '-specs=device-specs/specs-avr2']
  link line: [ /Applications/Arduino.app/Contents/Java/hardware/tools/avr/bin/../libexec/gcc/avr/4.9.2/collect2 -plugin /Applications/Arduino.app/Contents/Java/hardware/tools/avr/bin/../libexec/gcc/avr/4.9.2/liblto_plugin.so -plugin-opt=/Applications/Arduino.app/Contents/Java/hardware/tools/avr/bin/../libexec/gcc/avr/4.9.2/lto-wrapper -plugin-opt=-fresolution=/var/folders/qn/m2x_0wgd0lg478xs03d03chh0000gn/T//ccJ5Lsft.res -plugin-opt=-pass-through=-lgcc -plugin-opt=-pass-through=-lm -plugin-opt=-pass-through=-lc -o cmTC_0d781 -L/lib -L/Applications/Arduino.app/Contents/Java/hardware/tools/avr/bin/../lib/gcc/avr/4.9.2 -L/Applications/Arduino.app/Contents/Java/hardware/tools/avr/bin/../lib/gcc -L/Applications/Arduino.app/Contents/Java/hardware/tools/avr/bin/../lib/gcc/avr/4.9.2/../../../../avr/lib CMakeFiles/cmTC_0d781.dir/CMakeCXXCompilerABI.cpp.obj -lgcc -lm --start-group -lgcc -lm -lc --end-group]
    arg [/Applications/Arduino.app/Contents/Java/hardware/tools/avr/bin/../libexec/gcc/avr/4.9.2/collect2] ==> ignore
    arg [-plugin] ==> ignore
    arg [/Applications/Arduino.app/Contents/Java/hardware/tools/avr/bin/../libexec/gcc/avr/4.9.2/liblto_plugin.so] ==> ignore
    arg [-plugin-opt=/Applications/Arduino.app/Contents/Java/hardware/tools/avr/bin/../libexec/gcc/avr/4.9.2/lto-wrapper] ==> ignore
    arg [-plugin-opt=-fresolution=/var/folders/qn/m2x_0wgd0lg478xs03d03chh0000gn/T//ccJ5Lsft.res] ==> ignore
    arg [-plugin-opt=-pass-through=-lgcc] ==> ignore
    arg [-plugin-opt=-pass-through=-lm] ==> ignore
    arg [-plugin-opt=-pass-through=-lc] ==> ignore
    arg [-o] ==> ignore
    arg [cmTC_0d781] ==> ignore
    arg [-L/lib] ==> dir [/lib]
    arg [-L/Applications/Arduino.app/Contents/Java/hardware/tools/avr/bin/../lib/gcc/avr/4.9.2] ==> dir [/Applications/Arduino.app/Contents/Java/hardware/tools/avr/bin/../lib/gcc/avr/4.9.2]
    arg [-L/Applications/Arduino.app/Contents/Java/hardware/tools/avr/bin/../lib/gcc] ==> dir [/Applications/Arduino.app/Contents/Java/hardware/tools/avr/bin/../lib/gcc]
    arg [-L/Applications/Arduino.app/Contents/Java/hardware/tools/avr/bin/../lib/gcc/avr/4.9.2/../../../../avr/lib] ==> dir [/Applications/Arduino.app/Contents/Java/hardware/tools/avr/bin/../lib/gcc/avr/4.9.2/../../../../avr/lib]
    arg [CMakeFiles/cmTC_0d781.dir/CMakeCXXCompilerABI.cpp.obj] ==> ignore
    arg [-lgcc] ==> lib [gcc]
    arg [-lm] ==> lib [m]
    arg [--start-group] ==> ignore
    arg [-lgcc] ==> lib [gcc]
    arg [-lm] ==> lib [m]
    arg [-lc] ==> lib [c]
    arg [--end-group] ==> ignore
  collapse library dir [/lib] ==> [/lib]
  collapse library dir [/Applications/Arduino.app/Contents/Java/hardware/tools/avr/bin/../lib/gcc/avr/4.9.2] ==> [/Applications/Arduino.app/Contents/Java/hardware/tools/avr/lib/gcc/avr/4.9.2]
  collapse library dir [/Applications/Arduino.app/Contents/Java/hardware/tools/avr/bin/../lib/gcc] ==> [/Applications/Arduino.app/Contents/Java/hardware/tools/avr/lib/gcc]
  collapse library dir [/Applications/Arduino.app/Contents/Java/hardware/tools/avr/bin/../lib/gcc/avr/4.9.2/../../../../avr/lib] ==> [/Applications/Arduino.app/Contents/Java/hardware/tools/avr/avr/lib]
  implicit libs: [gcc;m;gcc;m;c]
  implicit dirs: [/lib;/Applications/Arduino.app/Contents/Java/hardware/tools/avr/lib/gcc/avr/4.9.2;/Applications/Arduino.app/Contents/Java/hardware/tools/avr/lib/gcc;/Applications/Arduino.app/Contents/Java/hardware/tools/avr/avr/lib]
  implicit fwks: []




Detecting CXX [-std=c++14] compiler features compiled with the following output:
Change Dir: /Users/melvinchelli/Documents/Sem2/EmSys/Assifnments/Clion_Environment/Project_Template/cmake-build-debug/CMakeFiles/CMakeTmp

Run Build Command:"/usr/bin/make" "cmTC_791d5/fast"
/Applications/Xcode.app/Contents/Developer/usr/bin/make -f CMakeFiles/cmTC_791d5.dir/build.make CMakeFiles/cmTC_791d5.dir/build
Building CXX object CMakeFiles/cmTC_791d5.dir/feature_tests.cxx.obj
/Applications/Arduino.app/Contents/Java/hardware/tools/avr/bin/avr-g++   -I/include  -std=c++14 -std=gnu++14 -o CMakeFiles/cmTC_791d5.dir/feature_tests.cxx.obj -c /Users/melvinchelli/Documents/Sem2/EmSys/Assifnments/Clion_Environment/Project_Template/cmake-build-debug/CMakeFiles/feature_tests.cxx
Linking CXX executable cmTC_791d5
/Applications/CLion.app/Contents/bin/cmake/bin/cmake -E cmake_link_script CMakeFiles/cmTC_791d5.dir/link.txt --verbose=1
/Applications/Arduino.app/Contents/Java/hardware/tools/avr/bin/avr-g++       CMakeFiles/cmTC_791d5.dir/feature_tests.cxx.obj  -o cmTC_791d5  -L/lib 


    Feature record: CXX_FEATURE:0cxx_aggregate_default_initializers
    Feature record: CXX_FEATURE:1cxx_alias_templates
    Feature record: CXX_FEATURE:1cxx_alignas
    Feature record: CXX_FEATURE:1cxx_alignof
    Feature record: CXX_FEATURE:1cxx_attributes
    Feature record: CXX_FEATURE:1cxx_attribute_deprecated
    Feature record: CXX_FEATURE:1cxx_auto_type
    Feature record: CXX_FEATURE:1cxx_binary_literals
    Feature record: CXX_FEATURE:1cxx_constexpr
    Feature record: CXX_FEATURE:1cxx_contextual_conversions
    Feature record: CXX_FEATURE:1cxx_decltype
    Feature record: CXX_FEATURE:1cxx_decltype_auto
    Feature record: CXX_FEATURE:1cxx_decltype_incomplete_return_types
    Feature record: CXX_FEATURE:1cxx_default_function_template_args
    Feature record: CXX_FEATURE:1cxx_defaulted_functions
    Feature record: CXX_FEATURE:1cxx_defaulted_move_initializers
    Feature record: CXX_FEATURE:1cxx_delegating_constructors
    Feature record: CXX_FEATURE:1cxx_deleted_functions
    Feature record: CXX_FEATURE:1cxx_digit_separators
    Feature record: CXX_FEATURE:1cxx_enum_forward_declarations
    Feature record: CXX_FEATURE:1cxx_explicit_conversions
    Feature record: CXX_FEATURE:1cxx_extended_friend_declarations
    Feature record: CXX_FEATURE:1cxx_extern_templates
    Feature record: CXX_FEATURE:1cxx_final
    Feature record: CXX_FEATURE:1cxx_func_identifier
    Feature record: CXX_FEATURE:1cxx_generalized_initializers
    Feature record: CXX_FEATURE:1cxx_generic_lambdas
    Feature record: CXX_FEATURE:1cxx_inheriting_constructors
    Feature record: CXX_FEATURE:1cxx_inline_namespaces
    Feature record: CXX_FEATURE:1cxx_lambdas
    Feature record: CXX_FEATURE:1cxx_lambda_init_captures
    Feature record: CXX_FEATURE:1cxx_local_type_template_args
    Feature record: CXX_FEATURE:1cxx_long_long_type
    Feature record: CXX_FEATURE:1cxx_noexcept
    Feature record: CXX_FEATURE:1cxx_nonstatic_member_init
    Feature record: CXX_FEATURE:1cxx_nullptr
    Feature record: CXX_FEATURE:1cxx_override
    Feature record: CXX_FEATURE:1cxx_range_for
    Feature record: CXX_FEATURE:1cxx_raw_string_literals
    Feature record: CXX_FEATURE:1cxx_reference_qualified_functions
    Feature record: CXX_FEATURE:0cxx_relaxed_constexpr
    Feature record: CXX_FEATURE:1cxx_return_type_deduction
    Feature record: CXX_FEATURE:1cxx_right_angle_brackets
    Feature record: CXX_FEATURE:1cxx_rvalue_references
    Feature record: CXX_FEATURE:1cxx_sizeof_member
    Feature record: CXX_FEATURE:1cxx_static_assert
    Feature record: CXX_FEATURE:1cxx_strong_enums
    Feature record: CXX_FEATURE:1cxx_template_template_parameters
    Feature record: CXX_FEATURE:1cxx_thread_local
    Feature record: CXX_FEATURE:1cxx_trailing_return_types
    Feature record: CXX_FEATURE:1cxx_unicode_literals
    Feature record: CXX_FEATURE:1cxx_uniform_initialization
    Feature record: CXX_FEATURE:1cxx_unrestricted_unions
    Feature record: CXX_FEATURE:1cxx_user_literals
    Feature record: CXX_FEATURE:0cxx_variable_templates
    Feature record: CXX_FEATURE:1cxx_variadic_macros
    Feature record: CXX_FEATURE:1cxx_variadic_templates


Detecting CXX [-std=c++11] compiler features compiled with the following output:
Change Dir: /Users/melvinchelli/Documents/Sem2/EmSys/Assifnments/Clion_Environment/Project_Template/cmake-build-debug/CMakeFiles/CMakeTmp

Run Build Command:"/usr/bin/make" "cmTC_6b1ca/fast"
/Applications/Xcode.app/Contents/Developer/usr/bin/make -f CMakeFiles/cmTC_6b1ca.dir/build.make CMakeFiles/cmTC_6b1ca.dir/build
Building CXX object CMakeFiles/cmTC_6b1ca.dir/feature_tests.cxx.obj
/Applications/Arduino.app/Contents/Java/hardware/tools/avr/bin/avr-g++   -I/include  -std=c++11 -std=gnu++14 -o CMakeFiles/cmTC_6b1ca.dir/feature_tests.cxx.obj -c /Users/melvinchelli/Documents/Sem2/EmSys/Assifnments/Clion_Environment/Project_Template/cmake-build-debug/CMakeFiles/feature_tests.cxx
Linking CXX executable cmTC_6b1ca
/Applications/CLion.app/Contents/bin/cmake/bin/cmake -E cmake_link_script CMakeFiles/cmTC_6b1ca.dir/link.txt --verbose=1
/Applications/Arduino.app/Contents/Java/hardware/tools/avr/bin/avr-g++       CMakeFiles/cmTC_6b1ca.dir/feature_tests.cxx.obj  -o cmTC_6b1ca  -L/lib 


    Feature record: CXX_FEATURE:0cxx_aggregate_default_initializers
    Feature record: CXX_FEATURE:1cxx_alias_templates
    Feature record: CXX_FEATURE:1cxx_alignas
    Feature record: CXX_FEATURE:1cxx_alignof
    Feature record: CXX_FEATURE:1cxx_attributes
    Feature record: CXX_FEATURE:1cxx_attribute_deprecated
    Feature record: CXX_FEATURE:1cxx_auto_type
    Feature record: CXX_FEATURE:1cxx_binary_literals
    Feature record: CXX_FEATURE:1cxx_constexpr
    Feature record: CXX_FEATURE:1cxx_contextual_conversions
    Feature record: CXX_FEATURE:1cxx_decltype
    Feature record: CXX_FEATURE:1cxx_decltype_auto
    Feature record: CXX_FEATURE:1cxx_decltype_incomplete_return_types
    Feature record: CXX_FEATURE:1cxx_default_function_template_args
    Feature record: CXX_FEATURE:1cxx_defaulted_functions
    Feature record: CXX_FEATURE:1cxx_defaulted_move_initializers
    Feature record: CXX_FEATURE:1cxx_delegating_constructors
    Feature record: CXX_FEATURE:1cxx_deleted_functions
    Feature record: CXX_FEATURE:1cxx_digit_separators
    Feature record: CXX_FEATURE:1cxx_enum_forward_declarations
    Feature record: CXX_FEATURE:1cxx_explicit_conversions
    Feature record: CXX_FEATURE:1cxx_extended_friend_declarations
    Feature record: CXX_FEATURE:1cxx_extern_templates
    Feature record: CXX_FEATURE:1cxx_final
    Feature record: CXX_FEATURE:1cxx_func_identifier
    Feature record: CXX_FEATURE:1cxx_generalized_initializers
    Feature record: CXX_FEATURE:1cxx_generic_lambdas
    Feature record: CXX_FEATURE:1cxx_inheriting_constructors
    Feature record: CXX_FEATURE:1cxx_inline_namespaces
    Feature record: CXX_FEATURE:1cxx_lambdas
    Feature record: CXX_FEATURE:1cxx_lambda_init_captures
    Feature record: CXX_FEATURE:1cxx_local_type_template_args
    Feature record: CXX_FEATURE:1cxx_long_long_type
    Feature record: CXX_FEATURE:1cxx_noexcept
    Feature record: CXX_FEATURE:1cxx_nonstatic_member_init
    Feature record: CXX_FEATURE:1cxx_nullptr
    Feature record: CXX_FEATURE:1cxx_override
    Feature record: CXX_FEATURE:1cxx_range_for
    Feature record: CXX_FEATURE:1cxx_raw_string_literals
    Feature record: CXX_FEATURE:1cxx_reference_qualified_functions
    Feature record: CXX_FEATURE:0cxx_relaxed_constexpr
    Feature record: CXX_FEATURE:1cxx_return_type_deduction
    Feature record: CXX_FEATURE:1cxx_right_angle_brackets
    Feature record: CXX_FEATURE:1cxx_rvalue_references
    Feature record: CXX_FEATURE:1cxx_sizeof_member
    Feature record: CXX_FEATURE:1cxx_static_assert
    Feature record: CXX_FEATURE:1cxx_strong_enums
    Feature record: CXX_FEATURE:1cxx_template_template_parameters
    Feature record: CXX_FEATURE:1cxx_thread_local
    Feature record: CXX_FEATURE:1cxx_trailing_return_types
    Feature record: CXX_FEATURE:1cxx_unicode_literals
    Feature record: CXX_FEATURE:1cxx_uniform_initialization
    Feature record: CXX_FEATURE:1cxx_unrestricted_unions
    Feature record: CXX_FEATURE:1cxx_user_literals
    Feature record: CXX_FEATURE:0cxx_variable_templates
    Feature record: CXX_FEATURE:1cxx_variadic_macros
    Feature record: CXX_FEATURE:1cxx_variadic_templates


Detecting CXX [-std=c++98] compiler features compiled with the following output:
Change Dir: /Users/melvinchelli/Documents/Sem2/EmSys/Assifnments/Clion_Environment/Project_Template/cmake-build-debug/CMakeFiles/CMakeTmp

Run Build Command:"/usr/bin/make" "cmTC_9951b/fast"
/Applications/Xcode.app/Contents/Developer/usr/bin/make -f CMakeFiles/cmTC_9951b.dir/build.make CMakeFiles/cmTC_9951b.dir/build
Building CXX object CMakeFiles/cmTC_9951b.dir/feature_tests.cxx.obj
/Applications/Arduino.app/Contents/Java/hardware/tools/avr/bin/avr-g++   -I/include  -std=c++98 -std=gnu++14 -o CMakeFiles/cmTC_9951b.dir/feature_tests.cxx.obj -c /Users/melvinchelli/Documents/Sem2/EmSys/Assifnments/Clion_Environment/Project_Template/cmake-build-debug/CMakeFiles/feature_tests.cxx
Linking CXX executable cmTC_9951b
/Applications/CLion.app/Contents/bin/cmake/bin/cmake -E cmake_link_script CMakeFiles/cmTC_9951b.dir/link.txt --verbose=1
/Applications/Arduino.app/Contents/Java/hardware/tools/avr/bin/avr-g++       CMakeFiles/cmTC_9951b.dir/feature_tests.cxx.obj  -o cmTC_9951b  -L/lib 


    Feature record: CXX_FEATURE:0cxx_aggregate_default_initializers
    Feature record: CXX_FEATURE:1cxx_alias_templates
    Feature record: CXX_FEATURE:1cxx_alignas
    Feature record: CXX_FEATURE:1cxx_alignof
    Feature record: CXX_FEATURE:1cxx_attributes
    Feature record: CXX_FEATURE:1cxx_attribute_deprecated
    Feature record: CXX_FEATURE:1cxx_auto_type
    Feature record: CXX_FEATURE:1cxx_binary_literals
    Feature record: CXX_FEATURE:1cxx_constexpr
    Feature record: CXX_FEATURE:1cxx_contextual_conversions
    Feature record: CXX_FEATURE:1cxx_decltype
    Feature record: CXX_FEATURE:1cxx_decltype_auto
    Feature record: CXX_FEATURE:1cxx_decltype_incomplete_return_types
    Feature record: CXX_FEATURE:1cxx_default_function_template_args
    Feature record: CXX_FEATURE:1cxx_defaulted_functions
    Feature record: CXX_FEATURE:1cxx_defaulted_move_initializers
    Feature record: CXX_FEATURE:1cxx_delegating_constructors
    Feature record: CXX_FEATURE:1cxx_deleted_functions
    Feature record: CXX_FEATURE:1cxx_digit_separators
    Feature record: CXX_FEATURE:1cxx_enum_forward_declarations
    Feature record: CXX_FEATURE:1cxx_explicit_conversions
    Feature record: CXX_FEATURE:1cxx_extended_friend_declarations
    Feature record: CXX_FEATURE:1cxx_extern_templates
    Feature record: CXX_FEATURE:1cxx_final
    Feature record: CXX_FEATURE:1cxx_func_identifier
    Feature record: CXX_FEATURE:1cxx_generalized_initializers
    Feature record: CXX_FEATURE:1cxx_generic_lambdas
    Feature record: CXX_FEATURE:1cxx_inheriting_constructors
    Feature record: CXX_FEATURE:1cxx_inline_namespaces
    Feature record: CXX_FEATURE:1cxx_lambdas
    Feature record: CXX_FEATURE:1cxx_lambda_init_captures
    Feature record: CXX_FEATURE:1cxx_local_type_template_args
    Feature record: CXX_FEATURE:1cxx_long_long_type
    Feature record: CXX_FEATURE:1cxx_noexcept
    Feature record: CXX_FEATURE:1cxx_nonstatic_member_init
    Feature record: CXX_FEATURE:1cxx_nullptr
    Feature record: CXX_FEATURE:1cxx_override
    Feature record: CXX_FEATURE:1cxx_range_for
    Feature record: CXX_FEATURE:1cxx_raw_string_literals
    Feature record: CXX_FEATURE:1cxx_reference_qualified_functions
    Feature record: CXX_FEATURE:0cxx_relaxed_constexpr
    Feature record: CXX_FEATURE:1cxx_return_type_deduction
    Feature record: CXX_FEATURE:1cxx_right_angle_brackets
    Feature record: CXX_FEATURE:1cxx_rvalue_references
    Feature record: CXX_FEATURE:1cxx_sizeof_member
    Feature record: CXX_FEATURE:1cxx_static_assert
    Feature record: CXX_FEATURE:1cxx_strong_enums
    Feature record: CXX_FEATURE:1cxx_template_template_parameters
    Feature record: CXX_FEATURE:1cxx_thread_local
    Feature record: CXX_FEATURE:1cxx_trailing_return_types
    Feature record: CXX_FEATURE:1cxx_unicode_literals
    Feature record: CXX_FEATURE:1cxx_uniform_initialization
    Feature record: CXX_FEATURE:1cxx_unrestricted_unions
    Feature record: CXX_FEATURE:1cxx_user_literals
    Feature record: CXX_FEATURE:0cxx_variable_templates
    Feature record: CXX_FEATURE:1cxx_variadic_macros
    Feature record: CXX_FEATURE:1cxx_variadic_templates
